<?xml version="1.0" encoding="UTF-8"?>
<!-- Generated by org.testng.reporters.JUnitReportReporter -->
<testsuite hostname="MAA155-CG2121RY" failures="0" tests="1" name="TestBot.Appium.AndroidDragDemo" time="14.885" errors="0" timestamp="20 Sep 2024 19:56:41 GMT" skipped="0">
  <testcase classname="TestBot.Appium.AndroidDragDemo" name="DragDemoTest" time="14.885"/>
</testsuite> <!-- TestBot.Appium.AndroidDragDemo -->
