<?xml version="1.0" encoding="UTF-8"?>
<!-- Generated by org.testng.reporters.JUnitReportReporter -->
<testsuite hostname="MAA155-CG2121RY" failures="0" tests="1" name="TestBot.Appium.AndroidEcommerce_tc_4_Hybrid" time="40.344" errors="0" timestamp="23 Sep 2024 18:16:23 GMT" skipped="0">
  <testcase classname="TestBot.Appium.AndroidEcommerce_tc_4_Hybrid" name="fillForm" time="40.344"/>
</testsuite> <!-- TestBot.Appium.AndroidEcommerce_tc_4_Hybrid -->
