<?xml version="1.0" encoding="UTF-8"?>
<!-- Generated by org.testng.reporters.JUnitReportReporter -->
<testsuite hostname="MAA155-CG2121RY" failures="0" tests="1" name="TestBot.Appium.AndroidLongPress" time="6.907" errors="0" timestamp="20 Sep 2024 16:33:44 GMT" skipped="0">
  <testcase classname="TestBot.Appium.AndroidLongPress" name="LongPress" time="6.907"/>
</testsuite> <!-- TestBot.Appium.AndroidLongPress -->
