<?xml version="1.0" encoding="UTF-8"?>
<!-- Generated by org.testng.reporters.JUnitReportReporter -->
<testsuite hostname="MAA155-CG2121RY" failures="0" tests="1" name="TestBot.Appium.AndroidEcommerce_tc_2" time="27.977" errors="0" timestamp="22 Sep 2024 16:36:43 GMT" skipped="0">
  <testcase classname="TestBot.Appium.AndroidEcommerce_tc_2" name="fillForm" time="27.977"/>
</testsuite> <!-- TestBot.Appium.AndroidEcommerce_tc_2 -->
