<?xml version="1.0" encoding="UTF-8"?>
<!-- Generated by org.testng.reporters.JUnitReportReporter -->
<testsuite hostname="MAA155-CG2121RY" failures="0" tests="1" name="TestBot.Appium.AndroidScrollDemo" time="13.111" errors="0" timestamp="21 Sep 2024 10:36:19 GMT" skipped="0">
  <testcase classname="TestBot.Appium.AndroidScrollDemo" name="ScrollDemoTest" time="13.111"/>
</testsuite> <!-- TestBot.Appium.AndroidScrollDemo -->
