<?xml version="1.0" encoding="UTF-8"?>
<!-- Generated by org.testng.reporters.JUnitReportReporter -->
<testsuite hostname="MAA155-CG2121RY" failures="0" tests="1" name="TestBot.Appium.AndroidEcommerce_tc_1" time="32.851" errors="0" timestamp="21 Sep 2024 17:58:19 GMT" skipped="0">
  <testcase classname="TestBot.Appium.AndroidEcommerce_tc_1" name="fillForm" time="32.851"/>
</testsuite> <!-- TestBot.Appium.AndroidEcommerce_tc_1 -->
