<?xml version="1.0" encoding="UTF-8"?>
<!-- Generated by org.testng.reporters.JUnitReportReporter -->
<testsuite hostname="MAA155-CG2121RY" failures="0" tests="1" name="TestBot.Appium.AndroidSwipeDemo" time="6.210" errors="0" timestamp="20 Sep 2024 17:39:54 GMT" skipped="0">
  <testcase classname="TestBot.Appium.AndroidSwipeDemo" name="ScrollDemoTest" time="6.210"/>
</testsuite> <!-- TestBot.Appium.AndroidSwipeDemo -->
