<?xml version="1.0" encoding="UTF-8"?>
<!-- Generated by org.testng.reporters.JUnitReportReporter -->
<testsuite hostname="MAA155-CG2121RY" failures="0" tests="1" name="TestBot.Appium.AppiumBasics" time="6.019" errors="0" timestamp="16 Sep 2024 14:21:49 GMT" skipped="0">
  <testcase classname="TestBot.Appium.AppiumBasics" name="WifiSettingsName" time="6.019"/>
</testsuite> <!-- TestBot.Appium.AppiumBasics -->
