<?xml version="1.0" encoding="UTF-8"?>
<!-- Generated by org.testng.reporters.JUnitReportReporter -->
<testsuite hostname="MAA155-CG2121RY" failures="0" tests="1" name="TestBot.Appium.AndroidEcommerce_tc_3" time="30.516" errors="0" timestamp="22 Sep 2024 18:24:52 GMT" skipped="0">
  <testcase classname="TestBot.Appium.AndroidEcommerce_tc_3" name="fillForm" time="30.516"/>
</testsuite> <!-- TestBot.Appium.AndroidEcommerce_tc_3 -->
