<?xml version="1.0" encoding="UTF-8"?>
<!-- Generated by org.testng.reporters.JUnitReportReporter -->
<testsuite hostname="MAA155-CG2121RY" failures="0" tests="1" name="TestBot.Appium.AndroidMissceallanousAction" time="9.196" errors="0" timestamp="21 Sep 2024 13:40:37 GMT" skipped="0">
  <testcase classname="TestBot.Appium.AndroidMissceallanousAction" name="missceallanousTest" time="9.196"/>
</testsuite> <!-- TestBot.Appium.AndroidMissceallanousAction -->
