<?xml version="1.0" encoding="UTF-8"?>
<!-- Generated by org.testng.reporters.JUnitReportReporter -->
<testsuite hostname="MAA155-CG2121RY" failures="0" tests="1" name="TestBot.Appium.AndroidMobileBrowserTest" time="7.040" errors="0" timestamp="02 Oct 2024 09:38:55 GMT" skipped="0">
  <testcase classname="TestBot.Appium.AndroidMobileBrowserTest" name="mobileBrowserTest" time="7.040"/>
</testsuite> <!-- TestBot.Appium.AndroidMobileBrowserTest -->
